# JRE version: Java(TM) SE Runtime Environment (8.0_40-b26) (build 1.8.0_40-b26)
# Java VM: Java HotSpot(TM) 64-Bit Server VM (25.40-b25 mixed mode bsd-amd64 compressed oops)
Heap:
 PSYoungGen      total 296960K, used 109167K [0x000000076ab00000, 0x000000077f300000, 0x00000007c0000000)
  eden space 262144K, 41% used [0x000000076ab00000,0x000000077159bd40,0x000000077ab00000)
  from space 34816K, 0% used [0x000000077d100000,0x000000077d100000,0x000000077f300000)
  to   space 36864K, 0% used [0x000000077ab00000,0x000000077ab00000,0x000000077cf00000)
 ParOldGen       total 115712K, used 20896K [0x00000006c0000000, 0x00000006c7100000, 0x000000076ab00000)
  object space 115712K, 18% used [0x00000006c0000000,0x00000006c1468150,0x00000006c7100000)
 Metaspace       used 34055K, capacity 34626K, committed 34944K, reserved 1079296K
  class space    used 4194K, capacity 4385K, committed 4480K, reserved 1048576K
GC Heap History (10 events):
Event: 14.739 GC heap before
{Heap before GC invocations=3 (full 0):
 PSYoungGen      total 76288K, used 74754K [0x000000076ab00000, 0x0000000770000000, 0x00000007c0000000)
  eden space 65536K, 100% used [0x000000076ab00000,0x000000076eb00000,0x000000076eb00000)
  from space 10752K, 85% used [0x000000076f580000,0x000000076fe80908,0x0000000770000000)
  to   space 10752K, 0% used [0x000000076eb00000,0x000000076eb00000,0x000000076f580000)
 ParOldGen       total 175104K, used 24K [0x00000006c0000000, 0x00000006cab00000, 0x000000076ab00000)
  object space 175104K, 0% used [0x00000006c0000000,0x00000006c0006000,0x00000006cab00000)
 Metaspace       used 17103K, capacity 17458K, committed 17792K, reserved 1064960K
  class space    used 1996K, capacity 2149K, committed 2176K, reserved 1048576K
Event: 14.753 GC heap after
Heap after GC invocations=3 (full 0):
 PSYoungGen      total 76288K, used 10745K [0x000000076ab00000, 0x0000000774000000, 0x00000007c0000000)
  eden space 65536K, 0% used [0x000000076ab00000,0x000000076ab00000,0x000000076eb00000)
  from space 10752K, 99% used [0x000000076eb00000,0x000000076f57e620,0x000000076f580000)
  to   space 10752K, 0% used [0x0000000773580000,0x0000000773580000,0x0000000774000000)
 ParOldGen       total 175104K, used 699K [0x00000006c0000000, 0x00000006cab00000, 0x000000076ab00000)
  object space 175104K, 0% used [0x00000006c0000000,0x00000006c00aee70,0x00000006cab00000)
 Metaspace       used 17103K, capacity 17458K, committed 17792K, reserved 1064960K
  class space    used 1996K, capacity 2149K, committed 2176K, reserved 1048576K
}
Event: 15.041 GC heap before
{Heap before GC invocations=4 (full 0):
 PSYoungGen      total 76288K, used 76281K [0x000000076ab00000, 0x0000000774000000, 0x00000007c0000000)
  eden space 65536K, 100% used [0x000000076ab00000,0x000000076eb00000,0x000000076eb00000)
  from space 10752K, 99% used [0x000000076eb00000,0x000000076f57e620,0x000000076f580000)
  to   space 10752K, 0% used [0x0000000773580000,0x0000000773580000,0x0000000774000000)
 ParOldGen       total 175104K, used 702K [0x00000006c0000000, 0x00000006cab00000, 0x000000076ab00000)
  object space 175104K, 0% used [0x00000006c0000000,0x00000006c00af908,0x00000006cab00000)
 Metaspace       used 18915K, capacity 19256K, committed 19584K, reserved 1067008K
  class space    used 2191K, capacity 2343K, committed 2432K, reserved 1048576K
Event: 15.056 GC heap after
Heap after GC invocations=4 (full 0):
 PSYoungGen      total 141824K, used 10720K [0x000000076ab00000, 0x0000000774000000, 0x00000007c0000000)
  eden space 131072K, 0% used [0x000000076ab00000,0x000000076ab00000,0x0000000772b00000)
  from space 10752K, 99% used [0x0000000773580000,0x0000000773ff8070,0x0000000774000000)
  to   space 10752K, 0% used [0x0000000772b00000,0x0000000772b00000,0x0000000773580000)
 ParOldGen       total 175104K, used 4569K [0x00000006c0000000, 0x00000006cab00000, 0x000000076ab00000)
  object space 175104K, 2% used [0x00000006c0000000,0x00000006c04766f8,0x00000006cab00000)
 Metaspace       used 18915K, capacity 19256K, committed 19584K, reserved 1067008K
  class space    used 2191K, capacity 2343K, committed 2432K, reserved 1048576K
}
Event: 15.309 GC heap before
{Heap before GC invocations=5 (full 0):
 PSYoungGen      total 141824K, used 141792K [0x000000076ab00000, 0x0000000774000000, 0x00000007c0000000)
  eden space 131072K, 100% used [0x000000076ab00000,0x0000000772b00000,0x0000000772b00000)
  from space 10752K, 99% used [0x0000000773580000,0x0000000773ff8070,0x0000000774000000)
  to   space 10752K, 0% used [0x0000000772b00000,0x0000000772b00000,0x0000000773580000)
 ParOldGen       total 175104K, used 4573K [0x00000006c0000000, 0x00000006cab00000, 0x000000076ab00000)
  object space 175104K, 2% used [0x00000006c0000000,0x00000006c0477770,0x00000006cab00000)
 Metaspace       used 19003K, capacity 19384K, committed 19584K, reserved 1067008K
  class space    used 2191K, capacity 2343K, committed 2432K, reserved 1048576K
Event: 15.364 GC heap after
Heap after GC invocations=5 (full 0):
 PSYoungGen      total 141824K, used 10720K [0x000000076ab00000, 0x000000077f700000, 0x00000007c0000000)
  eden space 131072K, 0% used [0x000000076ab00000,0x000000076ab00000,0x0000000772b00000)
  from space 10752K, 99% used [0x0000000772b00000,0x00000007735781f0,0x0000000773580000)
  to   space 38912K, 0% used [0x000000077d100000,0x000000077d100000,0x000000077f700000)
 ParOldGen       total 175104K, used 40869K [0x00000006c0000000, 0x00000006cab00000, 0x000000076ab00000)
  object space 175104K, 23% used [0x00000006c0000000,0x00000006c27e9540,0x00000006cab00000)
 Metaspace       used 19003K, capacity 19384K, committed 19584K, reserved 1067008K
  class space    used 2191K, capacity 2343K, committed 2432K, reserved 1048576K
}
Event: 15.699 GC heap before
{Heap before GC invocations=6 (full 0):
 PSYoungGen      total 141824K, used 56670K [0x000000076ab00000, 0x000000077f700000, 0x00000007c0000000)
  eden space 131072K, 35% used [0x000000076ab00000,0x000000076d7dfa00,0x0000000772b00000)
  from space 10752K, 99% used [0x0000000772b00000,0x00000007735781f0,0x0000000773580000)
  to   space 38912K, 0% used [0x000000077d100000,0x000000077d100000,0x000000077f700000)
 ParOldGen       total 175104K, used 40869K [0x00000006c0000000, 0x00000006cab00000, 0x000000076ab00000)
  object space 175104K, 23% used [0x00000006c0000000,0x00000006c27e9540,0x00000006cab00000)
 Metaspace       used 20732K, capacity 21144K, committed 21248K, reserved 1069056K
  class space    used 2405K, capacity 2554K, committed 2560K, reserved 1048576K
Event: 15.723 GC heap after
Heap after GC invocations=6 (full 0):
 PSYoungGen      total 296960K, used 19961K [0x000000076ab00000, 0x000000077f300000, 0x00000007c0000000)
  eden space 262144K, 0% used [0x000000076ab00000,0x000000076ab00000,0x000000077ab00000)
  from space 34816K, 57% used [0x000000077d100000,0x000000077e47e4a8,0x000000077f300000)
  to   space 36864K, 0% used [0x000000077ab00000,0x000000077ab00000,0x000000077cf00000)
 ParOldGen       total 175104K, used 40877K [0x00000006c0000000, 0x00000006cab00000, 0x000000076ab00000)
  object space 175104K, 23% used [0x00000006c0000000,0x00000006c27eb540,0x00000006cab00000)
 Metaspace       used 20732K, capacity 21144K, committed 21248K, reserved 1069056K
  class space    used 2405K, capacity 2554K, committed 2560K, reserved 1048576K
}
Event: 15.723 GC heap before
{Heap before GC invocations=7 (full 1):
 PSYoungGen      total 296960K, used 19961K [0x000000076ab00000, 0x000000077f300000, 0x00000007c0000000)
  eden space 262144K, 0% used [0x000000076ab00000,0x000000076ab00000,0x000000077ab00000)
  from space 34816K, 57% used [0x000000077d100000,0x000000077e47e4a8,0x000000077f300000)
  to   space 36864K, 0% used [0x000000077ab00000,0x000000077ab00000,0x000000077cf00000)
 ParOldGen       total 175104K, used 40877K [0x00000006c0000000, 0x00000006cab00000, 0x000000076ab00000)
  object space 175104K, 23% used [0x00000006c0000000,0x00000006c27eb540,0x00000006cab00000)
 Metaspace       used 20732K, capacity 21144K, committed 21248K, reserved 1069056K
  class space    used 2405K, capacity 2554K, committed 2560K, reserved 1048576K
Event: 15.770 GC heap after
Heap after GC invocations=7 (full 1):
 PSYoungGen      total 296960K, used 0K [0x000000076ab00000, 0x000000077f300000, 0x00000007c0000000)
  eden space 262144K, 0% used [0x000000076ab00000,0x000000076ab00000,0x000000077ab00000)
  from space 34816K, 0% used [0x000000077d100000,0x000000077d100000,0x000000077f300000)
  to   space 36864K, 0% used [0x000000077ab00000,0x000000077ab00000,0x000000077cf00000)
 ParOldGen       total 115712K, used 20896K [0x00000006c0000000, 0x00000006c7100000, 0x000000076ab00000)
  object space 115712K, 18% used [0x00000006c0000000,0x00000006c1468150,0x00000006c7100000)
 Metaspace       used 20732K, capacity 21144K, committed 21248K, reserved 1069056K
  class space    used 2405K, capacity 2554K, committed 2560K, reserved 1048576K
}

